<?xml version="1.0" encoding="UTF-8"?>
<!-- Generated by org.testng.reporters.JUnitReportReporter -->
<testsuite hostname="TS-N-LP006" name="dataDriven.Login_Page" tests="3" failures="0" timestamp="5 Aug 2019 09:21:48 GMT" time="76.839" errors="0">
  <testcase name="crmLogin" time="25.601" classname="dataDriven.Login_Page"/>
  <testcase name="crmLogin" time="25.644" classname="dataDriven.Login_Page"/>
  <testcase name="crmLogin" time="25.594" classname="dataDriven.Login_Page"/>
</testsuite> <!-- dataDriven.Login_Page -->
