<?xml version="1.0" encoding="UTF-8"?>
<!-- Generated by org.testng.reporters.JUnitReportReporter -->
<testsuite hostname="TS-N-LP006" name="webTable.WebTableDriven" tests="1" failures="0" timestamp="7 Aug 2019 06:20:56 GMT" time="45.804" errors="0">
  <testcase name="getRows" time="45.804" classname="webTable.WebTableDriven"/>
</testsuite> <!-- webTable.WebTableDriven -->
