<?xml version="1.0" encoding="UTF-8"?>
<!-- Generated by org.testng.reporters.JUnitReportReporter -->
<testsuite hostname="TS-N-LP006" name="loadPage.Login_Page" tests="1" failures="0" timestamp="5 Aug 2019 06:26:23 GMT" time="158.341" errors="0">
  <testcase name="data_Driven_Excel" time="158.341" classname="loadPage.Login_Page"/>
</testsuite> <!-- loadPage.Login_Page -->
