<?xml version="1.0" encoding="UTF-8"?>
<!-- Generated by org.testng.reporters.JUnitReportReporter -->
<testsuite hostname="TS-N-LP006" name="dataDriven.utily" tests="1" failures="0" timestamp="5 Aug 2019 08:54:02 GMT" time="0.614" errors="0">
  <testcase name="getTestData" time="0.614" classname="dataDriven.utily"/>
</testsuite> <!-- dataDriven.utily -->
